Автомобиль Volkswagen Golf поехал!
Автомобиль Bugati Verona поехал!
Автомобиль Газель поехал!
Автомобиль Mercedes-benz E400 поехал!
Автомобиль Volkswagen Golf едет со скоростью 33!
Автомобиль Bugati Verona едет со скоростью 61!
Автомобиль Bugati Verona повернул на право!
Внимание автомобиль Газель цвет: грязный вы превыщаете разрешеную скорость движения 40км/ч!
Ваша скорость - 119
Автомобиль ДПС Mercedes-benz E400 едет со скоростью 54!
Полиции можно ехать с любой скоростью если включена люстра!
Внимание автомобиль Volkswagen Golf цвет: Грязно-серый вы превыщаете разрешеную скорость движения 60км/ч!
Ваша скорость - 147
Автомобиль Bugati Verona едет со скоростью 142!
Автомобиль Газель едет со скоростью 15!
Автомобиль ДПС Mercedes-benz E400 едет со скоростью 182!
Полиции можно ехать с любой скоростью если включена люстра!
Автомобиль Mercedes-benz E400 повернул на право!
Автомобиль Volkswagen Golf едет со скоростью 54!
Автомобиль Volkswagen Golf повернул на лево!
Внимание автомобиль Bugati Verona цвет: черный вы превыщаете разрешеную скорость движения 60км/ч!
Ваша скорость - 271, Вас преследукт полицейская машина!
Автомобиль Bugati Verona повернул на право!
Внимание автомобиль Газель цвет: грязный вы превыщаете разрешеную скорость движения 40км/ч!
Ваша скорость - 105
Автомобиль Газель повернул на право!
Автомобиль ДПС Mercedes-benz E400 едет со скоростью 53!
Полиции можно ехать с любой скоростью если включена люстра!
Автомобиль Mercedes-benz E400 повернул на право!
Внимание автомобиль Volkswagen Golf цвет: Грязно-серый вы превыщаете разрешеную скорость движения 60км/ч!
Ваша скорость - 130
Внимание автомобиль Bugati Verona цвет: черный вы превыщаете разрешеную скорость движения 60км/ч!
Ваша скорость - 295, Вас преследукт полицейская машина!
Внимание автомобиль Газель цвет: грязный вы превыщаете разрешеную скорость движения 40км/ч!
Ваша скорость - 44
Автомобиль ДПС Mercedes-benz E400 едет со скоростью 227!
Полиции можно ехать с любой скоростью если включена люстра!
Автомобиль Volkswagen Golf остановился!
Автомобиль Bugati Verona остановился!
Автомобиль Газель остановился!
Автомобиль Mercedes-benz E400 остановился!
