Количество товара на складе:  4

Еденица оргтезники типа printer:
HP inc. LaserJet в количестве: 1
Дата поступления на склад Склад №15: 10.09.2021
Серийный номер 23434567	Закупочная цена 45670

Дополнительные характеристики товара:
Тип принтера: B&W	Скорость печати: 30 стр./мин.

Еденица оргтезники типа printer:
HP inc. IncJet в количестве: 1
Дата поступления на склад Склад №15: 22.10.2021
Серийный номер 98456721	Закупочная цена 25640

Дополнительные характеристики товара:
Тип принтера: color	Скорость печати: 10 стр./мин.

Еденица оргтезники типа scaner:
HP inc. ScanJet в количестве: 1
Дата поступления на склад Склад №15: 26.08.2021
Серийный номер 56745634	Закупочная цена 12400

Дополнительные характеристики товара:
Тип сканера: color	Макс. разрешение: 1200 стр./мин.

Еденица оргтезники типа copier:
Xerox 4321 в количестве: 1
Дата поступления на склад Склад №15: 15.11.2021
Серийный номер 452309811093	Закупочная цена 125400

Дополнительные характеристики товара:
Тип копира: color	Скорось копирования: 240 стр./мин.

Принтер HP inc. LaserJet выдан со склада!
Принтер HP inc. IncJet выдан со склада!
Сканер HP inc. ScanJet выдан со склада!
Копир Xerox 4321 выдан со склада!
Количество товара на складе:  0
